빌드 시작: 2013-11-26 오전 11:02:45
     1>2 노드의 "C:\cocos2dx\cocos2d-x-2.2\projects\Rocket-Chicken\proj.win32\Rocket-Chicken1.vcxproj" 프로젝트(build 대상)입니다.
     1>InitializeBuildStatus:
         "AlwaysCreate"이(가) 지정되었기 때문에 "Debug.win32\Rocket-Chicken1.unsuccessfulbuild"을(를) 만들고 있습니다.
       ClCompile:
         모든 출력이 최신 상태입니다.
       ManifestResourceCompile:
         모든 출력이 최신 상태입니다.
       PreLinkEvent:
         if not exist "C:\cocos2dx\cocos2d-x-2.2\Debug.win32\" mkdir "C:\cocos2dx\cocos2d-x-2.2\Debug.win32\"
         xcopy /Y /Q "C:\cocos2dx\cocos2d-x-2.2\projects\Rocket-Chicken\proj.win32\..\..\..\external\libwebsockets\win32\lib\*.*" "C:\cocos2dx\cocos2d-x-2.2\Debug.win32\"
         :VCEnd
         2개 파일이 복사되었습니다.
       Link:
         모든 출력이 최신 상태입니다.
       Manifest:
         모든 출력이 최신 상태입니다.
       FinalizeBuildStatus:
         "Debug.win32\Rocket-Chicken1.unsuccessfulbuild" 파일을 삭제하고 있습니다.
         "Debug.win32\Rocket-Chicken1.lastbuildstate"에 연결(touching)하고 있습니다.
     1>"C:\cocos2dx\cocos2d-x-2.2\projects\Rocket-Chicken\proj.win32\Rocket-Chicken1.vcxproj" 프로젝트를 빌드했습니다(build 대상).

빌드했습니다.

경과 시간: 00:00:01.14
