C:\ANDROID\COCOS2D-X-2.2\DEBUG.WIN32\ROCKET-CHICKEN1.EXE
C:\ANDROID\COCOS2D-X-2.2\DEBUG.WIN32\ROCKET-CHICKEN1.ILK
C:\ANDROID\COCOS2D-X-2.2\DEBUG.WIN32\ROCKET-CHICKEN1.PDB
C:\ANDROID\COCOS2D-X-2.2\PROJECTS\ROCKET-CHICKEN\PROJ.WIN32\DEBUG.WIN32\APPDELEGATE.OBJ
C:\ANDROID\COCOS2D-X-2.2\PROJECTS\ROCKET-CHICKEN\PROJ.WIN32\DEBUG.WIN32\COIN.OBJ
C:\ANDROID\COCOS2D-X-2.2\PROJECTS\ROCKET-CHICKEN\PROJ.WIN32\DEBUG.WIN32\ENEMY.OBJ
C:\ANDROID\COCOS2D-X-2.2\PROJECTS\ROCKET-CHICKEN\PROJ.WIN32\DEBUG.WIN32\ITEM.OBJ
C:\ANDROID\COCOS2D-X-2.2\PROJECTS\ROCKET-CHICKEN\PROJ.WIN32\DEBUG.WIN32\MAIN.OBJ
C:\ANDROID\COCOS2D-X-2.2\PROJECTS\ROCKET-CHICKEN\PROJ.WIN32\DEBUG.WIN32\MAINSCENE.OBJ
C:\ANDROID\COCOS2D-X-2.2\PROJECTS\ROCKET-CHICKEN\PROJ.WIN32\DEBUG.WIN32\PLAYER.OBJ
C:\ANDROID\COCOS2D-X-2.2\PROJECTS\ROCKET-CHICKEN\PROJ.WIN32\DEBUG.WIN32\ROCKET-CHICKEN1.EXE.EMBED.MANIFEST
C:\ANDROID\COCOS2D-X-2.2\PROJECTS\ROCKET-CHICKEN\PROJ.WIN32\DEBUG.WIN32\ROCKET-CHICKEN1.EXE.EMBED.MANIFEST.RES
C:\ANDROID\COCOS2D-X-2.2\PROJECTS\ROCKET-CHICKEN\PROJ.WIN32\DEBUG.WIN32\ROCKET-CHICKEN1.EXE.INTERMEDIATE.MANIFEST
C:\ANDROID\COCOS2D-X-2.2\PROJECTS\ROCKET-CHICKEN\PROJ.WIN32\DEBUG.WIN32\STAGE.OBJ
C:\ANDROID\COCOS2D-X-2.2\PROJECTS\ROCKET-CHICKEN\PROJ.WIN32\DEBUG.WIN32\VC100.PDB
C:\COCOS2DX\COCOS2D-X-2.2\DEBUG.WIN32\ROCKET-CHICKEN1.EXE
C:\COCOS2DX\COCOS2D-X-2.2\DEBUG.WIN32\ROCKET-CHICKEN1.ILK
C:\COCOS2DX\COCOS2D-X-2.2\DEBUG.WIN32\ROCKET-CHICKEN1.PDB
C:\COCOS2DX\COCOS2D-X-2.2\PROJECTS\ROCKET-CHICKEN\PROJ.WIN32\DEBUG.WIN32\APPDELEGATE.OBJ
C:\cocos2dx\cocos2d-x-2.2\projects\Rocket-Chicken\proj.win32\Debug.win32\cl.command.1.tlog
C:\cocos2dx\cocos2d-x-2.2\projects\Rocket-Chicken\proj.win32\Debug.win32\CL.read.1.tlog
C:\cocos2dx\cocos2d-x-2.2\projects\Rocket-Chicken\proj.win32\Debug.win32\CL.write.1.tlog
C:\COCOS2DX\COCOS2D-X-2.2\PROJECTS\ROCKET-CHICKEN\PROJ.WIN32\DEBUG.WIN32\COIN.OBJ
C:\COCOS2DX\COCOS2D-X-2.2\PROJECTS\ROCKET-CHICKEN\PROJ.WIN32\DEBUG.WIN32\ENEMY.OBJ
C:\COCOS2DX\COCOS2D-X-2.2\PROJECTS\ROCKET-CHICKEN\PROJ.WIN32\DEBUG.WIN32\GAMESCENE.OBJ
C:\cocos2dx\cocos2d-x-2.2\projects\Rocket-Chicken\proj.win32\Debug.win32\HelloWorldScene.obj
C:\COCOS2DX\COCOS2D-X-2.2\PROJECTS\ROCKET-CHICKEN\PROJ.WIN32\DEBUG.WIN32\HELPSCENE.OBJ
C:\COCOS2DX\COCOS2D-X-2.2\PROJECTS\ROCKET-CHICKEN\PROJ.WIN32\DEBUG.WIN32\ITEM.OBJ
C:\cocos2dx\cocos2d-x-2.2\projects\Rocket-Chicken\proj.win32\Debug.win32\link.1276.read.1.tlog
C:\cocos2dx\cocos2d-x-2.2\projects\Rocket-Chicken\proj.win32\Debug.win32\link.1276.write.1.tlog
C:\cocos2dx\cocos2d-x-2.2\projects\Rocket-Chicken\proj.win32\Debug.win32\link.1276-cvtres.read.1.tlog
C:\cocos2dx\cocos2d-x-2.2\projects\Rocket-Chicken\proj.win32\Debug.win32\link.1276-cvtres.write.1.tlog
C:\cocos2dx\cocos2d-x-2.2\projects\Rocket-Chicken\proj.win32\Debug.win32\link.1712.read.1.tlog
C:\cocos2dx\cocos2d-x-2.2\projects\Rocket-Chicken\proj.win32\Debug.win32\link.1712.write.1.tlog
C:\cocos2dx\cocos2d-x-2.2\projects\Rocket-Chicken\proj.win32\Debug.win32\link.1712-cvtres.read.1.tlog
C:\cocos2dx\cocos2d-x-2.2\projects\Rocket-Chicken\proj.win32\Debug.win32\link.1712-cvtres.write.1.tlog
C:\cocos2dx\cocos2d-x-2.2\projects\Rocket-Chicken\proj.win32\Debug.win32\link.2348.read.1.tlog
C:\cocos2dx\cocos2d-x-2.2\projects\Rocket-Chicken\proj.win32\Debug.win32\link.2348.write.1.tlog
C:\cocos2dx\cocos2d-x-2.2\projects\Rocket-Chicken\proj.win32\Debug.win32\link.2348-cvtres.read.1.tlog
C:\cocos2dx\cocos2d-x-2.2\projects\Rocket-Chicken\proj.win32\Debug.win32\link.2348-cvtres.write.1.tlog
C:\cocos2dx\cocos2d-x-2.2\projects\Rocket-Chicken\proj.win32\Debug.win32\link.2476.read.1.tlog
C:\cocos2dx\cocos2d-x-2.2\projects\Rocket-Chicken\proj.win32\Debug.win32\link.2476.write.1.tlog
C:\cocos2dx\cocos2d-x-2.2\projects\Rocket-Chicken\proj.win32\Debug.win32\link.2476-cvtres.read.1.tlog
C:\cocos2dx\cocos2d-x-2.2\projects\Rocket-Chicken\proj.win32\Debug.win32\link.2476-cvtres.write.1.tlog
C:\cocos2dx\cocos2d-x-2.2\projects\Rocket-Chicken\proj.win32\Debug.win32\link.2744.read.1.tlog
C:\cocos2dx\cocos2d-x-2.2\projects\Rocket-Chicken\proj.win32\Debug.win32\link.2744.write.1.tlog
C:\cocos2dx\cocos2d-x-2.2\projects\Rocket-Chicken\proj.win32\Debug.win32\link.2744-cvtres.read.1.tlog
C:\cocos2dx\cocos2d-x-2.2\projects\Rocket-Chicken\proj.win32\Debug.win32\link.2744-cvtres.write.1.tlog
C:\cocos2dx\cocos2d-x-2.2\projects\Rocket-Chicken\proj.win32\Debug.win32\link.3424.read.1.tlog
C:\cocos2dx\cocos2d-x-2.2\projects\Rocket-Chicken\proj.win32\Debug.win32\link.3424.write.1.tlog
C:\cocos2dx\cocos2d-x-2.2\projects\Rocket-Chicken\proj.win32\Debug.win32\link.3424-cvtres.read.1.tlog
C:\cocos2dx\cocos2d-x-2.2\projects\Rocket-Chicken\proj.win32\Debug.win32\link.3424-cvtres.write.1.tlog
C:\cocos2dx\cocos2d-x-2.2\projects\Rocket-Chicken\proj.win32\Debug.win32\link.3980.read.1.tlog
C:\cocos2dx\cocos2d-x-2.2\projects\Rocket-Chicken\proj.win32\Debug.win32\link.3980.write.1.tlog
C:\cocos2dx\cocos2d-x-2.2\projects\Rocket-Chicken\proj.win32\Debug.win32\link.3980-cvtres.read.1.tlog
C:\cocos2dx\cocos2d-x-2.2\projects\Rocket-Chicken\proj.win32\Debug.win32\link.3980-cvtres.write.1.tlog
C:\cocos2dx\cocos2d-x-2.2\projects\Rocket-Chicken\proj.win32\Debug.win32\link.4124.read.1.tlog
C:\cocos2dx\cocos2d-x-2.2\projects\Rocket-Chicken\proj.win32\Debug.win32\link.4124.write.1.tlog
C:\cocos2dx\cocos2d-x-2.2\projects\Rocket-Chicken\proj.win32\Debug.win32\link.4124-cvtres.read.1.tlog
C:\cocos2dx\cocos2d-x-2.2\projects\Rocket-Chicken\proj.win32\Debug.win32\link.4124-cvtres.write.1.tlog
C:\cocos2dx\cocos2d-x-2.2\projects\Rocket-Chicken\proj.win32\Debug.win32\link.4376.read.1.tlog
C:\cocos2dx\cocos2d-x-2.2\projects\Rocket-Chicken\proj.win32\Debug.win32\link.4376.write.1.tlog
C:\cocos2dx\cocos2d-x-2.2\projects\Rocket-Chicken\proj.win32\Debug.win32\link.4376-cvtres.read.1.tlog
C:\cocos2dx\cocos2d-x-2.2\projects\Rocket-Chicken\proj.win32\Debug.win32\link.4376-cvtres.write.1.tlog
C:\cocos2dx\cocos2d-x-2.2\projects\Rocket-Chicken\proj.win32\Debug.win32\link.4908.read.1.tlog
C:\cocos2dx\cocos2d-x-2.2\projects\Rocket-Chicken\proj.win32\Debug.win32\link.4908.write.1.tlog
C:\cocos2dx\cocos2d-x-2.2\projects\Rocket-Chicken\proj.win32\Debug.win32\link.4908-cvtres.read.1.tlog
C:\cocos2dx\cocos2d-x-2.2\projects\Rocket-Chicken\proj.win32\Debug.win32\link.4908-cvtres.write.1.tlog
C:\cocos2dx\cocos2d-x-2.2\projects\Rocket-Chicken\proj.win32\Debug.win32\link.4980.read.1.tlog
C:\cocos2dx\cocos2d-x-2.2\projects\Rocket-Chicken\proj.win32\Debug.win32\link.4980.write.1.tlog
C:\cocos2dx\cocos2d-x-2.2\projects\Rocket-Chicken\proj.win32\Debug.win32\link.4980-cvtres.read.1.tlog
C:\cocos2dx\cocos2d-x-2.2\projects\Rocket-Chicken\proj.win32\Debug.win32\link.4980-cvtres.write.1.tlog
C:\cocos2dx\cocos2d-x-2.2\projects\Rocket-Chicken\proj.win32\Debug.win32\link.5288.read.1.tlog
C:\cocos2dx\cocos2d-x-2.2\projects\Rocket-Chicken\proj.win32\Debug.win32\link.5288.write.1.tlog
C:\cocos2dx\cocos2d-x-2.2\projects\Rocket-Chicken\proj.win32\Debug.win32\link.5288-cvtres.read.1.tlog
C:\cocos2dx\cocos2d-x-2.2\projects\Rocket-Chicken\proj.win32\Debug.win32\link.5288-cvtres.write.1.tlog
C:\cocos2dx\cocos2d-x-2.2\projects\Rocket-Chicken\proj.win32\Debug.win32\link.5384.read.1.tlog
C:\cocos2dx\cocos2d-x-2.2\projects\Rocket-Chicken\proj.win32\Debug.win32\link.5384.write.1.tlog
C:\cocos2dx\cocos2d-x-2.2\projects\Rocket-Chicken\proj.win32\Debug.win32\link.5384-cvtres.read.1.tlog
C:\cocos2dx\cocos2d-x-2.2\projects\Rocket-Chicken\proj.win32\Debug.win32\link.5384-cvtres.write.1.tlog
C:\cocos2dx\cocos2d-x-2.2\projects\Rocket-Chicken\proj.win32\Debug.win32\link.5448.read.1.tlog
C:\cocos2dx\cocos2d-x-2.2\projects\Rocket-Chicken\proj.win32\Debug.win32\link.5448.write.1.tlog
C:\cocos2dx\cocos2d-x-2.2\projects\Rocket-Chicken\proj.win32\Debug.win32\link.5448-cvtres.read.1.tlog
C:\cocos2dx\cocos2d-x-2.2\projects\Rocket-Chicken\proj.win32\Debug.win32\link.5448-cvtres.write.1.tlog
C:\cocos2dx\cocos2d-x-2.2\projects\Rocket-Chicken\proj.win32\Debug.win32\link.5584.read.1.tlog
C:\cocos2dx\cocos2d-x-2.2\projects\Rocket-Chicken\proj.win32\Debug.win32\link.5584.write.1.tlog
C:\cocos2dx\cocos2d-x-2.2\projects\Rocket-Chicken\proj.win32\Debug.win32\link.5584-cvtres.read.1.tlog
C:\cocos2dx\cocos2d-x-2.2\projects\Rocket-Chicken\proj.win32\Debug.win32\link.5584-cvtres.write.1.tlog
C:\cocos2dx\cocos2d-x-2.2\projects\Rocket-Chicken\proj.win32\Debug.win32\link.5668.read.1.tlog
C:\cocos2dx\cocos2d-x-2.2\projects\Rocket-Chicken\proj.win32\Debug.win32\link.5668.write.1.tlog
C:\cocos2dx\cocos2d-x-2.2\projects\Rocket-Chicken\proj.win32\Debug.win32\link.5668-cvtres.read.1.tlog
C:\cocos2dx\cocos2d-x-2.2\projects\Rocket-Chicken\proj.win32\Debug.win32\link.5668-cvtres.write.1.tlog
C:\cocos2dx\cocos2d-x-2.2\projects\Rocket-Chicken\proj.win32\Debug.win32\link.5696.read.1.tlog
C:\cocos2dx\cocos2d-x-2.2\projects\Rocket-Chicken\proj.win32\Debug.win32\link.5696.write.1.tlog
C:\cocos2dx\cocos2d-x-2.2\projects\Rocket-Chicken\proj.win32\Debug.win32\link.5696-cvtres.read.1.tlog
C:\cocos2dx\cocos2d-x-2.2\projects\Rocket-Chicken\proj.win32\Debug.win32\link.5696-cvtres.write.1.tlog
C:\cocos2dx\cocos2d-x-2.2\projects\Rocket-Chicken\proj.win32\Debug.win32\link.6048.read.1.tlog
C:\cocos2dx\cocos2d-x-2.2\projects\Rocket-Chicken\proj.win32\Debug.win32\link.6048.write.1.tlog
C:\cocos2dx\cocos2d-x-2.2\projects\Rocket-Chicken\proj.win32\Debug.win32\link.6048-cvtres.read.1.tlog
C:\cocos2dx\cocos2d-x-2.2\projects\Rocket-Chicken\proj.win32\Debug.win32\link.6048-cvtres.write.1.tlog
C:\cocos2dx\cocos2d-x-2.2\projects\Rocket-Chicken\proj.win32\Debug.win32\link.6788.read.1.tlog
C:\cocos2dx\cocos2d-x-2.2\projects\Rocket-Chicken\proj.win32\Debug.win32\link.6788.write.1.tlog
C:\cocos2dx\cocos2d-x-2.2\projects\Rocket-Chicken\proj.win32\Debug.win32\link.6788-cvtres.read.1.tlog
C:\cocos2dx\cocos2d-x-2.2\projects\Rocket-Chicken\proj.win32\Debug.win32\link.6788-cvtres.write.1.tlog
C:\cocos2dx\cocos2d-x-2.2\projects\Rocket-Chicken\proj.win32\Debug.win32\link.7640.read.1.tlog
C:\cocos2dx\cocos2d-x-2.2\projects\Rocket-Chicken\proj.win32\Debug.win32\link.7640.write.1.tlog
C:\cocos2dx\cocos2d-x-2.2\projects\Rocket-Chicken\proj.win32\Debug.win32\link.7640-cvtres.read.1.tlog
C:\cocos2dx\cocos2d-x-2.2\projects\Rocket-Chicken\proj.win32\Debug.win32\link.7640-cvtres.write.1.tlog
C:\cocos2dx\cocos2d-x-2.2\projects\Rocket-Chicken\proj.win32\Debug.win32\link.812.read.1.tlog
C:\cocos2dx\cocos2d-x-2.2\projects\Rocket-Chicken\proj.win32\Debug.win32\link.812.write.1.tlog
C:\cocos2dx\cocos2d-x-2.2\projects\Rocket-Chicken\proj.win32\Debug.win32\link.812-cvtres.read.1.tlog
C:\cocos2dx\cocos2d-x-2.2\projects\Rocket-Chicken\proj.win32\Debug.win32\link.812-cvtres.write.1.tlog
C:\cocos2dx\cocos2d-x-2.2\projects\Rocket-Chicken\proj.win32\Debug.win32\link.command.1.tlog
C:\cocos2dx\cocos2d-x-2.2\projects\Rocket-Chicken\proj.win32\Debug.win32\link.read.1.tlog
C:\cocos2dx\cocos2d-x-2.2\projects\Rocket-Chicken\proj.win32\Debug.win32\link.write.1.tlog
C:\cocos2dx\cocos2d-x-2.2\projects\Rocket-Chicken\proj.win32\Debug.win32\link-cvtres.read.1.tlog
C:\cocos2dx\cocos2d-x-2.2\projects\Rocket-Chicken\proj.win32\Debug.win32\link-cvtres.write.1.tlog
C:\cocos2dx\cocos2d-x-2.2\projects\Rocket-Chicken\proj.win32\Debug.win32\link-rc.read.1.tlog
C:\cocos2dx\cocos2d-x-2.2\projects\Rocket-Chicken\proj.win32\Debug.win32\link-rc.write.1.tlog
C:\COCOS2DX\COCOS2D-X-2.2\PROJECTS\ROCKET-CHICKEN\PROJ.WIN32\DEBUG.WIN32\MAIN.OBJ
C:\COCOS2DX\COCOS2D-X-2.2\PROJECTS\ROCKET-CHICKEN\PROJ.WIN32\DEBUG.WIN32\MAINSCENE.OBJ
C:\cocos2dx\cocos2d-x-2.2\projects\Rocket-Chicken\proj.win32\Debug.win32\mt.command.1.tlog
C:\cocos2dx\cocos2d-x-2.2\projects\Rocket-Chicken\proj.win32\Debug.win32\mt.read.1.tlog
C:\cocos2dx\cocos2d-x-2.2\projects\Rocket-Chicken\proj.win32\Debug.win32\mt.write.1.tlog
C:\COCOS2DX\COCOS2D-X-2.2\PROJECTS\ROCKET-CHICKEN\PROJ.WIN32\DEBUG.WIN32\NEWSCENE.OBJ
C:\COCOS2DX\COCOS2D-X-2.2\PROJECTS\ROCKET-CHICKEN\PROJ.WIN32\DEBUG.WIN32\OPTIONSCENE.OBJ
C:\COCOS2DX\COCOS2D-X-2.2\PROJECTS\ROCKET-CHICKEN\PROJ.WIN32\DEBUG.WIN32\PLAYER.OBJ
C:\COCOS2DX\COCOS2D-X-2.2\PROJECTS\ROCKET-CHICKEN\PROJ.WIN32\DEBUG.WIN32\PLAYERLAYER.OBJ
C:\cocos2dx\cocos2d-x-2.2\projects\Rocket-Chicken\proj.win32\Debug.win32\rc.command.1.tlog
C:\cocos2dx\cocos2d-x-2.2\projects\Rocket-Chicken\proj.win32\Debug.win32\rc.read.1.tlog
C:\cocos2dx\cocos2d-x-2.2\projects\Rocket-Chicken\proj.win32\Debug.win32\rc.write.1.tlog
C:\cocos2dx\cocos2d-x-2.2\projects\Rocket-Chicken\proj.win32\Debug.win32\ResolveAssemblyReference.cache
C:\cocos2dx\cocos2d-x-2.2\projects\Rocket-Chicken\proj.win32\Debug.win32\Rocket-Chicken1.exe.embed.manifest
C:\COCOS2DX\COCOS2D-X-2.2\PROJECTS\ROCKET-CHICKEN\PROJ.WIN32\DEBUG.WIN32\ROCKET-CHICKEN1.EXE.EMBED.MANIFEST.RES
C:\COCOS2DX\COCOS2D-X-2.2\PROJECTS\ROCKET-CHICKEN\PROJ.WIN32\DEBUG.WIN32\ROCKET-CHICKEN1.EXE.INTERMEDIATE.MANIFEST
C:\cocos2dx\cocos2d-x-2.2\projects\Rocket-Chicken\proj.win32\Debug.win32\Rocket-Chicken1.write.1.tlog
C:\cocos2dx\cocos2d-x-2.2\projects\Rocket-Chicken\proj.win32\Debug.win32\Rocket-Chicken1_manifest.rc
C:\COCOS2DX\COCOS2D-X-2.2\PROJECTS\ROCKET-CHICKEN\PROJ.WIN32\DEBUG.WIN32\STAGE.OBJ
C:\cocos2dx\cocos2d-x-2.2\projects\Rocket-Chicken\proj.win32\Debug.win32\vc100.idb
C:\COCOS2DX\COCOS2D-X-2.2\PROJECTS\ROCKET-CHICKEN\PROJ.WIN32\DEBUG.WIN32\VC100.PDB
C:\cocos2dx\cocos2d-x-2.2\projects\Rocket-Chicken\proj.win32\Debug.win32\vc110.idb
C:\cocos2dx\cocos2d-x-2.2\projects\Rocket-Chicken\proj.win32\Debug.win32\vc110.pdb
